2016-10-01 17:12:05,570 [main] INFO  org.mule.module.launcher.application.DefaultMuleApplication - 
++++++++++++++++++++++++++++++++++++++++++++++++++++++++++++
+ Initializing app 'app1'                                  +
++++++++++++++++++++++++++++++++++++++++++++++++++++++++++++
2016-10-01 17:12:06,247 [main] INFO  org.mule.api.security.tls.TlsProperties - Loading configuration file: tls-default.conf
2016-10-01 17:12:06,648 [main] INFO  org.mule.api.security.tls.TlsProperties - Loading configuration file: tls-default.conf
2016-10-01 17:12:06,729 [main] INFO  org.mule.api.security.tls.TlsProperties - Loading configuration file: tls-default.conf
2016-10-01 17:12:12,436 [main] INFO  org.mule.lifecycle.AbstractLifecycleManager - Initialising RegistryBroker
2016-10-01 17:12:12,503 [main] INFO  org.mule.module.extension.internal.manager.DefaultExtensionManager - Starting discovery of extensions
2016-10-01 17:12:12,730 [main] INFO  org.mule.module.extension.internal.manager.DefaultExtensionManager - Discovered 1 extensions
2016-10-01 17:12:12,730 [main] INFO  org.mule.module.extension.internal.manager.DefaultExtensionManager - Registering extension validation (version 3.8)
2016-10-01 17:12:12,740 [main] INFO  org.mule.config.spring.MuleArtifactContext - Refreshing org.mule.config.spring.MuleArtifactContext@2c1f8dbd: startup date [Sat Oct 01 17:12:12 IST 2016]; parent: org.mule.config.spring.MuleDomainContext@2a5b3fee
2016-10-01 17:12:13,473 [main] INFO  org.mule.config.spring.processors.NoDevkitInjectorProcessor - JSR-330 'javax.inject.Inject' annotation found and supported for autowiring
2016-10-01 17:12:15,066 [main] WARN  org.mule.module.ognl.expression.OgnlExpressionEvaluator - OGNL module is deprecated and will be removed in Mule 4.0. Use MEL expressions instead.
2016-10-01 17:12:16,438 [main] INFO  org.mule.lifecycle.AbstractLifecycleManager - Initialising model: _muleSystemModel
2016-10-01 17:12:16,442 [main] INFO  org.mule.construct.FlowConstructLifecycleManager - Initialising flow: app1Flow
2016-10-01 17:12:16,442 [main] INFO  org.mule.exception.DefaultMessagingExceptionStrategy - Initialising exception listener: org.mule.exception.DefaultMessagingExceptionStrategy@472c9f88
2016-10-01 17:12:16,508 [main] INFO  org.mule.processor.SedaStageLifecycleManager - Initialising service: app1Flow.stage1
2016-10-01 17:12:16,560 [main] INFO  org.mule.util.journal.TransactionJournal - Using files for tx logs /home/rahul/Dev/Mule/Learning/Workspace/.mule/./.mule/app1/queue-tx-log/tx1.log and /home/rahul/Dev/Mule/Learning/Workspace/.mule/./.mule/app1/queue-tx-log/tx2.log
2016-10-01 17:12:16,587 [main] INFO  org.mule.util.journal.TransactionJournal - Using files for tx logs /home/rahul/Dev/Mule/Learning/Workspace/.mule/./.mule/app1/queue-xa-tx-log/tx1.log and /home/rahul/Dev/Mule/Learning/Workspace/.mule/./.mule/app1/queue-xa-tx-log/tx2.log
2016-10-01 17:12:16,712 [main] INFO  org.mule.config.spring.SpringXmlConfigurationBuilder - Configured Mule using "org.mule.config.spring.SpringXmlConfigurationBuilder" with configuration resource(s): "[ConfigResource{resourceName='/home/rahul/Dev/Mule/Learning/Workspace/.mule/apps/app1/app1.xml'}]"
2016-10-01 17:12:16,713 [main] INFO  org.mule.config.builders.AutoConfigurationBuilder - Configured Mule using "org.mule.config.builders.AutoConfigurationBuilder" with configuration resource(s): "[ConfigResource{resourceName='/home/rahul/Dev/Mule/Learning/Workspace/.mule/apps/app1/app1.xml'}]"
2016-10-01 17:12:19,747 [main] INFO  org.mule.module.launcher.application.DefaultMuleApplication - 
++++++++++++++++++++++++++++++++++++++++++++++++++++++++++++
+ Starting app 'app1'                                      +
++++++++++++++++++++++++++++++++++++++++++++++++++++++++++++
2016-10-01 17:12:19,750 [main] INFO  org.mule.util.queue.QueueXaResourceManager - Starting ResourceManager
2016-10-01 17:12:19,750 [main] INFO  org.mule.util.queue.QueueXaResourceManager - Started ResourceManager
2016-10-01 17:12:19,833 [main] INFO  org.mule.module.http.internal.listener.DefaultHttpListenerConfig - Listening for requests on http://0.0.0.0:8081/mulelearning
2016-10-01 17:12:19,838 [main] INFO  org.mule.modules.oauth2.provider.agents.DefaultSplashScreenAgent - 
++++++++++++++++++++++++++++++++++++++++++++++++++++++++++++++++++++++++++++++++
+ DevKit Extensions (0) used in this application 
                             +
++++++++++++++++++++++++++++++++++++++++++++++++++++++++++++++++++++++++++++++++
2016-10-01 17:12:19,842 [main] INFO  org.mule.lifecycle.AbstractLifecycleManager - Starting model: _muleSystemModel
2016-10-01 17:12:19,844 [main] INFO  org.mule.construct.FlowConstructLifecycleManager - Starting flow: app1Flow
2016-10-01 17:12:19,845 [main] INFO  org.mule.processor.SedaStageLifecycleManager - Starting service: app1Flow.stage1
2016-10-01 17:12:19,933 [main] INFO  org.mule.DefaultMuleContext - 
**********************************************************************
* Application: app1                                                  *
* OS encoding: /, Mule encoding: UTF-8                               *
*                                                                    *
* Agents Running:                                                    *
*   JMX Agent                                                        *
*   Batch module default engine                                      *
*   DevKit Extension Information                                     *
*   JMX Agent                                                        *
*   Wrapper Manager                                                  *
**********************************************************************
2016-10-01 17:13:13,625 [[app1].HTTP_Listener_Configuration.worker.01] INFO  org.mule.api.processor.LoggerMessageProcessor - In sender flow
2016-10-01 17:13:13,718 [[app1].HTTP_Listener_Configuration.worker.01] INFO  org.mule.lifecycle.AbstractLifecycleManager - Initialising: 'sharedVMConnector.dispatcher.779011921'. Object is: VMMessageDispatcher
2016-10-01 17:13:13,718 [[app1].HTTP_Listener_Configuration.worker.01] INFO  org.mule.lifecycle.AbstractLifecycleManager - Starting: 'sharedVMConnector.dispatcher.779011921'. Object is: VMMessageDispatcher
