2016-10-02 19:25:44,765 [main] INFO  org.mule.module.launcher.application.DefaultMuleApplication - 
++++++++++++++++++++++++++++++++++++++++++++++++++++++++++++
+ Initializing app 'calculator-impl'                       +
++++++++++++++++++++++++++++++++++++++++++++++++++++++++++++
2016-10-02 19:25:45,373 [main] INFO  org.mule.api.security.tls.TlsProperties - Loading configuration file: tls-default.conf
2016-10-02 19:25:45,686 [main] INFO  org.mule.api.security.tls.TlsProperties - Loading configuration file: tls-default.conf
2016-10-02 19:25:45,739 [main] INFO  org.mule.api.security.tls.TlsProperties - Loading configuration file: tls-default.conf
2016-10-02 19:25:51,671 [main] INFO  org.mule.lifecycle.AbstractLifecycleManager - Initialising RegistryBroker
2016-10-02 19:25:51,878 [main] INFO  org.mule.module.extension.internal.manager.DefaultExtensionManager - Starting discovery of extensions
2016-10-02 19:25:52,073 [main] INFO  org.mule.module.extension.internal.manager.DefaultExtensionManager - Discovered 1 extensions
2016-10-02 19:25:52,073 [main] INFO  org.mule.module.extension.internal.manager.DefaultExtensionManager - Registering extension validation (version 3.8)
2016-10-02 19:25:52,224 [main] INFO  org.mule.config.spring.MuleArtifactContext - Refreshing org.mule.config.spring.MuleArtifactContext@33db72bd: startup date [Sun Oct 02 19:25:52 IST 2016]; root of context hierarchy
2016-10-02 19:25:54,309 [main] INFO  org.mule.config.spring.processors.NoDevkitInjectorProcessor - JSR-330 'javax.inject.Inject' annotation found and supported for autowiring
2016-10-02 19:25:55,955 [main] WARN  org.mule.module.ognl.expression.OgnlExpressionEvaluator - OGNL module is deprecated and will be removed in Mule 4.0. Use MEL expressions instead.
2016-10-02 19:25:57,423 [main] INFO  org.mule.lifecycle.AbstractLifecycleManager - Initialising model: _muleSystemModel
2016-10-02 19:25:57,426 [main] INFO  org.mule.construct.FlowConstructLifecycleManager - Initialising flow: Calculator-main
2016-10-02 19:25:57,427 [main] INFO  org.mule.module.apikit.MappingExceptionListener - Initialising exception listener: MappingExceptionListener{statusCode=404, exceptions=[class org.mule.module.apikit.exception.NotFoundException]}
2016-10-02 19:25:57,433 [main] INFO  org.mule.module.apikit.MappingExceptionListener - Initialising exception listener: MappingExceptionListener{statusCode=405, exceptions=[class org.mule.module.apikit.exception.MethodNotAllowedException]}
2016-10-02 19:25:57,433 [main] INFO  org.mule.module.apikit.MappingExceptionListener - Initialising exception listener: MappingExceptionListener{statusCode=415, exceptions=[class org.mule.module.apikit.exception.UnsupportedMediaTypeException]}
2016-10-02 19:25:57,433 [main] INFO  org.mule.module.apikit.MappingExceptionListener - Initialising exception listener: MappingExceptionListener{statusCode=406, exceptions=[class org.mule.module.apikit.exception.NotAcceptableException]}
2016-10-02 19:25:57,433 [main] INFO  org.mule.module.apikit.MappingExceptionListener - Initialising exception listener: MappingExceptionListener{statusCode=400, exceptions=[class org.mule.module.apikit.exception.BadRequestException]}
2016-10-02 19:25:57,469 [main] INFO  org.mule.processor.SedaStageLifecycleManager - Initialising service: Calculator-main.stage1
2016-10-02 19:25:57,483 [main] INFO  org.mule.construct.FlowConstructLifecycleManager - Initialising flow: Calculator-console
2016-10-02 19:25:57,483 [main] INFO  org.mule.exception.DefaultMessagingExceptionStrategy - Initialising exception listener: org.mule.exception.DefaultMessagingExceptionStrategy@7e3d2ebd
2016-10-02 19:25:57,492 [main] INFO  org.mule.processor.SedaStageLifecycleManager - Initialising service: Calculator-console.stage1
2016-10-02 19:25:57,498 [main] INFO  org.mule.construct.FlowConstructLifecycleManager - Initialising flow: get:/greet:Calculator-config
2016-10-02 19:25:57,499 [main] INFO  org.mule.exception.DefaultMessagingExceptionStrategy - Initialising exception listener: org.mule.exception.DefaultMessagingExceptionStrategy@22cb3d59
2016-10-02 19:25:57,508 [main] INFO  org.mule.processor.SedaStageLifecycleManager - Initialising service: get:/greet:Calculator-config.stage1
2016-10-02 19:25:57,509 [main] INFO  org.mule.construct.FlowConstructLifecycleManager - Initialising flow: get:/ops/{id}:Calculator-config
2016-10-02 19:25:57,509 [main] INFO  org.mule.exception.DefaultMessagingExceptionStrategy - Initialising exception listener: org.mule.exception.DefaultMessagingExceptionStrategy@31ab1e67
2016-10-02 19:25:57,516 [main] INFO  org.mule.processor.SedaStageLifecycleManager - Initialising service: get:/ops/{id}:Calculator-config.stage1
2016-10-02 19:25:57,517 [main] INFO  org.mule.construct.FlowConstructLifecycleManager - Initialising flow: get:/ops:Calculator-config
2016-10-02 19:25:57,517 [main] INFO  org.mule.exception.DefaultMessagingExceptionStrategy - Initialising exception listener: org.mule.exception.DefaultMessagingExceptionStrategy@4fea840f
2016-10-02 19:25:57,526 [main] INFO  org.mule.processor.SedaStageLifecycleManager - Initialising service: get:/ops:Calculator-config.stage1
2016-10-02 19:25:57,527 [main] INFO  org.mule.construct.FlowConstructLifecycleManager - Initialising flow: post:/add:Calculator-config
2016-10-02 19:25:57,527 [main] INFO  org.mule.exception.DefaultMessagingExceptionStrategy - Initialising exception listener: org.mule.exception.DefaultMessagingExceptionStrategy@5bb8e6fc
2016-10-02 19:25:57,535 [main] INFO  org.mule.processor.SedaStageLifecycleManager - Initialising service: post:/add:Calculator-config.stage1
2016-10-02 19:25:57,535 [main] INFO  org.mule.construct.FlowConstructLifecycleManager - Initialising flow: post:/divide:Calculator-config
2016-10-02 19:25:57,536 [main] INFO  org.mule.exception.DefaultMessagingExceptionStrategy - Initialising exception listener: org.mule.exception.DefaultMessagingExceptionStrategy@93bf0e0
2016-10-02 19:25:57,544 [main] INFO  org.mule.processor.SedaStageLifecycleManager - Initialising service: post:/divide:Calculator-config.stage1
2016-10-02 19:25:57,545 [main] INFO  org.mule.construct.FlowConstructLifecycleManager - Initialising flow: post:/multiply:Calculator-config
2016-10-02 19:25:57,545 [main] INFO  org.mule.exception.DefaultMessagingExceptionStrategy - Initialising exception listener: org.mule.exception.DefaultMessagingExceptionStrategy@5f8f1712
2016-10-02 19:25:57,552 [main] INFO  org.mule.processor.SedaStageLifecycleManager - Initialising service: post:/multiply:Calculator-config.stage1
2016-10-02 19:25:57,553 [main] INFO  org.mule.construct.FlowConstructLifecycleManager - Initialising flow: post:/subtract:Calculator-config
2016-10-02 19:25:57,553 [main] INFO  org.mule.exception.DefaultMessagingExceptionStrategy - Initialising exception listener: org.mule.exception.DefaultMessagingExceptionStrategy@71d55b7e
2016-10-02 19:25:57,561 [main] INFO  org.mule.processor.SedaStageLifecycleManager - Initialising service: post:/subtract:Calculator-config.stage1
2016-10-02 19:25:57,590 [main] INFO  org.mule.util.journal.TransactionJournal - Using files for tx logs /home/rahul/Dev/Mule/Learning/Workspace/.mule/./.mule/calculator-impl/queue-tx-log/tx1.log and /home/rahul/Dev/Mule/Learning/Workspace/.mule/./.mule/calculator-impl/queue-tx-log/tx2.log
2016-10-02 19:25:57,602 [main] INFO  org.mule.util.journal.TransactionJournal - Using files for tx logs /home/rahul/Dev/Mule/Learning/Workspace/.mule/./.mule/calculator-impl/queue-xa-tx-log/tx1.log and /home/rahul/Dev/Mule/Learning/Workspace/.mule/./.mule/calculator-impl/queue-xa-tx-log/tx2.log
2016-10-02 19:25:58,603 [main] INFO  org.mule.module.apikit.Configuration - Building resource URI cache...
2016-10-02 19:25:59,153 [main] INFO  org.mule.config.spring.SpringXmlConfigurationBuilder - Configured Mule using "org.mule.config.spring.SpringXmlConfigurationBuilder" with configuration resource(s): "[ConfigResource{resourceName='/home/rahul/Dev/Mule/Learning/Workspace/.mule/apps/calculator-impl/Calculator.xml'}]"
2016-10-02 19:25:59,153 [main] INFO  org.mule.config.builders.AutoConfigurationBuilder - Configured Mule using "org.mule.config.builders.AutoConfigurationBuilder" with configuration resource(s): "[ConfigResource{resourceName='/home/rahul/Dev/Mule/Learning/Workspace/.mule/apps/calculator-impl/Calculator.xml'}]"
2016-10-02 19:26:02,182 [main] INFO  org.mule.module.launcher.application.DefaultMuleApplication - 
++++++++++++++++++++++++++++++++++++++++++++++++++++++++++++
+ Starting app 'calculator-impl'                           +
++++++++++++++++++++++++++++++++++++++++++++++++++++++++++++
2016-10-02 19:26:02,186 [main] INFO  org.mule.util.queue.QueueXaResourceManager - Starting ResourceManager
2016-10-02 19:26:02,186 [main] INFO  org.mule.util.queue.QueueXaResourceManager - Started ResourceManager
2016-10-02 19:26:02,299 [main] INFO  org.mule.module.http.internal.listener.DefaultHttpListenerConfig - Listening for requests on http://0.0.0.0:8081
2016-10-02 19:26:02,302 [main] INFO  org.mule.modules.oauth2.provider.agents.DefaultSplashScreenAgent - 
++++++++++++++++++++++++++++++++++++++++++++++++++++++++++++++++++++++++++++++++
+ DevKit Extensions (0) used in this application 
                             +
++++++++++++++++++++++++++++++++++++++++++++++++++++++++++++++++++++++++++++++++
2016-10-02 19:26:02,307 [main] INFO  org.mule.lifecycle.AbstractLifecycleManager - Starting model: _muleSystemModel
2016-10-02 19:26:02,309 [main] INFO  org.mule.construct.FlowConstructLifecycleManager - Starting flow: Calculator-main
2016-10-02 19:26:02,310 [main] INFO  org.mule.processor.SedaStageLifecycleManager - Starting service: Calculator-main.stage1
2016-10-02 19:26:02,320 [main] INFO  org.mule.module.apikit.Configuration - 
********************************************************************************
* APIKit Console URL: http://127.0.0.1:8081/console                            *
********************************************************************************
2016-10-02 19:26:02,320 [main] INFO  org.mule.construct.FlowConstructLifecycleManager - Starting flow: Calculator-console
2016-10-02 19:26:02,320 [main] INFO  org.mule.processor.SedaStageLifecycleManager - Starting service: Calculator-console.stage1
2016-10-02 19:26:02,341 [main] INFO  org.mule.construct.FlowConstructLifecycleManager - Starting flow: get:/greet:Calculator-config
2016-10-02 19:26:02,341 [main] INFO  org.mule.processor.SedaStageLifecycleManager - Starting service: get:/greet:Calculator-config.stage1
2016-10-02 19:26:02,344 [main] INFO  org.mule.construct.FlowConstructLifecycleManager - Starting flow: get:/ops/{id}:Calculator-config
2016-10-02 19:26:02,344 [main] INFO  org.mule.processor.SedaStageLifecycleManager - Starting service: get:/ops/{id}:Calculator-config.stage1
2016-10-02 19:26:02,347 [main] INFO  org.mule.construct.FlowConstructLifecycleManager - Starting flow: get:/ops:Calculator-config
2016-10-02 19:26:02,348 [main] INFO  org.mule.processor.SedaStageLifecycleManager - Starting service: get:/ops:Calculator-config.stage1
2016-10-02 19:26:02,353 [main] INFO  org.mule.construct.FlowConstructLifecycleManager - Starting flow: post:/add:Calculator-config
2016-10-02 19:26:02,353 [main] INFO  org.mule.processor.SedaStageLifecycleManager - Starting service: post:/add:Calculator-config.stage1
2016-10-02 19:26:02,356 [main] INFO  org.mule.construct.FlowConstructLifecycleManager - Starting flow: post:/divide:Calculator-config
2016-10-02 19:26:02,357 [main] INFO  org.mule.processor.SedaStageLifecycleManager - Starting service: post:/divide:Calculator-config.stage1
2016-10-02 19:26:02,360 [main] INFO  org.mule.construct.FlowConstructLifecycleManager - Starting flow: post:/multiply:Calculator-config
2016-10-02 19:26:02,360 [main] INFO  org.mule.processor.SedaStageLifecycleManager - Starting service: post:/multiply:Calculator-config.stage1
2016-10-02 19:26:02,392 [main] INFO  org.mule.construct.FlowConstructLifecycleManager - Starting flow: post:/subtract:Calculator-config
2016-10-02 19:26:02,392 [main] INFO  org.mule.processor.SedaStageLifecycleManager - Starting service: post:/subtract:Calculator-config.stage1
2016-10-02 19:26:02,467 [main] INFO  org.mule.module.management.agent.WrapperManagerAgent - This JVM hasn't been launched by the wrapper, the agent will not run.
2016-10-02 19:26:02,495 [main] INFO  org.mule.DefaultMuleContext - 
**********************************************************************
* Application: calculator-impl                                       *
* OS encoding: /, Mule encoding: UTF-8                               *
*                                                                    *
* Agents Running:                                                    *
*   JMX Agent                                                        *
*   Batch module default engine                                      *
*   DevKit Extension Information                                     *
*   Wrapper Manager                                                  *
**********************************************************************
2016-10-02 19:33:49,224 [[calculator-impl].Calculator-httpListenerConfig.worker.02] ERROR org.mule.module.apikit.MappingExceptionListener - 
********************************************************************************
Message               : null
Payload               : {NullPayload}
Payload Type          : org.mule.transport.NullPayload
Element               : /Calculator-main/processors/0 @ calculator-impl:Calculator.xml:10 (APIkit Router)
Element XML           : <apikit:router config-ref="Calculator-config" doc:name="APIkit Router"></apikit:router>
--------------------------------------------------------------------------------
Root Exception stack trace:
org.mule.module.apikit.exception.MethodNotAllowedException
	at org.mule.module.apikit.AbstractRouter.processRouterRequest(AbstractRouter.java:174)
	at org.mule.module.apikit.AbstractRouter.processBlockingRequest(AbstractRouter.java:83)
	at org.mule.module.apikit.AbstractRouter.processBlocking(AbstractRouter.java:77)
	at org.mule.processor.AbstractRequestResponseMessageProcessor.process(AbstractRequestResponseMessageProcessor.java:47)
	at org.mule.execution.ExceptionToMessagingExceptionExecutionInterceptor.execute(ExceptionToMessagingExceptionExecutionInterceptor.java:27)
	at org.mule.execution.MessageProcessorNotificationExecutionInterceptor.execute(MessageProcessorNotificationExecutionInterceptor.java:108)
	at org.mule.execution.MessageProcessorExecutionTemplate.execute(MessageProcessorExecutionTemplate.java:44)
	at org.mule.processor.BlockingProcessorExecutor.executeNext(BlockingProcessorExecutor.java:98)
	at org.mule.processor.BlockingProcessorExecutor.execute(BlockingProcessorExecutor.java:59)
	at org.mule.processor.AsyncInterceptingMessageProcessor.process(AsyncInterceptingMessageProcessor.java:102)
	at org.mule.execution.ExceptionToMessagingExceptionExecutionInterceptor.execute(ExceptionToMessagingExceptionExecutionInterceptor.java:27)
	at org.mule.execution.MessageProcessorNotificationExecutionInterceptor.execute(MessageProcessorNotificationExecutionInterceptor.java:108)
	at org.mule.execution.MessageProcessorExecutionTemplate.execute(MessageProcessorExecutionTemplate.java:44)
	at org.mule.processor.BlockingProcessorExecutor.executeNext(BlockingProcessorExecutor.java:98)
	at org.mule.processor.BlockingProcessorExecutor.execute(BlockingProcessorExecutor.java:59)
	at org.mule.construct.DynamicPipelineMessageProcessor.process(DynamicPipelineMessageProcessor.java:55)
	at org.mule.execution.ExceptionToMessagingExceptionExecutionInterceptor.execute(ExceptionToMessagingExceptionExecutionInterceptor.java:27)
	at org.mule.execution.MessageProcessorNotificationExecutionInterceptor.execute(MessageProcessorNotificationExecutionInterceptor.java:108)
	at org.mule.execution.MessageProcessorExecutionTemplate.execute(MessageProcessorExecutionTemplate.java:44)
	at org.mule.processor.BlockingProcessorExecutor.executeNext(BlockingProcessorExecutor.java:88)
	at org.mule.processor.BlockingProcessorExecutor.execute(BlockingProcessorExecutor.java:59)
	at org.mule.execution.ExceptionToMessagingExceptionExecutionInterceptor.execute(ExceptionToMessagingExceptionExecutionInterceptor.java:27)
	at org.mule.execution.MessageProcessorExecutionTemplate.execute(MessageProcessorExecutionTemplate.java:44)
	at org.mule.processor.BlockingProcessorExecutor.executeNext(BlockingProcessorExecutor.java:98)
	at org.mule.processor.BlockingProcessorExecutor.execute(BlockingProcessorExecutor.java:59)
	at org.mule.interceptor.AbstractEnvelopeInterceptor.processBlocking(AbstractEnvelopeInterceptor.java:58)
	at org.mule.processor.AbstractRequestResponseMessageProcessor.process(AbstractRequestResponseMessageProcessor.java:47)
	at org.mule.execution.ExceptionToMessagingExceptionExecutionInterceptor.execute(ExceptionToMessagingExceptionExecutionInterceptor.java:27)
	at org.mule.execution.MessageProcessorNotificationExecutionInterceptor.execute(MessageProcessorNotificationExecutionInterceptor.java:108)
	at org.mule.execution.MessageProcessorExecutionTemplate.execute(MessageProcessorExecutionTemplate.java:44)
	at org.mule.processor.BlockingProcessorExecutor.executeNext(BlockingProcessorExecutor.java:98)
	at org.mule.processor.BlockingProcessorExecutor.execute(BlockingProcessorExecutor.java:59)
	at org.mule.processor.AbstractFilteringMessageProcessor.process(AbstractFilteringMessageProcessor.java:52)
	at org.mule.execution.ExceptionToMessagingExceptionExecutionInterceptor.execute(ExceptionToMessagingExceptionExecutionInterceptor.java:27)
	at org.mule.execution.MessageProcessorNotificationExecutionInterceptor.execute(MessageProcessorNotificationExecutionInterceptor.java:108)
	at org.mule.execution.MessageProcessorExecutionTemplate.execute(MessageProcessorExecutionTemplate.java:44)
	at org.mule.processor.BlockingProcessorExecutor.executeNext(BlockingProcessorExecutor.java:98)
	at org.mule.processor.BlockingProcessorExecutor.execute(BlockingProcessorExecutor.java:59)
	at org.mule.processor.AbstractRequestResponseMessageProcessor.processBlocking(AbstractRequestResponseMessageProcessor.java:56)
	at org.mule.processor.AbstractRequestResponseMessageProcessor.process(AbstractRequestResponseMessageProcessor.java:47)
	at org.mule.execution.ExceptionToMessagingExceptionExecutionInterceptor.execute(ExceptionToMessagingExceptionExecutionInterceptor.java:27)
	at org.mule.execution.MessageProcessorNotificationExecutionInterceptor.execute(MessageProcessorNotificationExecutionInterceptor.java:108)
	at org.mule.execution.MessageProcessorExecutionTemplate.execute(MessageProcessorExecutionTemplate.java:44)
	at org.mule.processor.BlockingProcessorExecutor.executeNext(BlockingProcessorExecutor.java:88)
	at org.mule.processor.BlockingProcessorExecutor.execute(BlockingProcessorExecutor.java:59)
	at org.mule.execution.ExceptionToMessagingExceptionExecutionInterceptor.execute(ExceptionToMessagingExceptionExecutionInterceptor.java:27)
	at org.mule.execution.MessageProcessorNotificationExecutionInterceptor.execute(MessageProcessorNotificationExecutionInterceptor.java:108)
	at org.mule.execution.MessageProcessorExecutionTemplate.execute(MessageProcessorExecutionTemplate.java:44)
	at org.mule.construct.AbstractPipeline$3.process(AbstractPipeline.java:232)
	at org.mule.module.http.internal.listener.HttpMessageProcessorTemplate.routeEvent(HttpMessageProcessorTemplate.java:73)
	at org.mule.execution.AsyncResponseFlowProcessingPhase$1.process(AsyncResponseFlowProcessingPhase.java:72)
	at org.mule.execution.AsyncResponseFlowProcessingPhase$1.process(AsyncResponseFlowProcessingPhase.java:59)
	at org.mule.execution.ExecuteCallbackInterceptor.execute(ExecuteCallbackInterceptor.java:16)
	at org.mule.execution.CommitTransactionInterceptor.execute(CommitTransactionInterceptor.java:35)
	at org.mule.execution.CommitTransactionInterceptor.execute(CommitTransactionInterceptor.java:22)
	at org.mule.execution.HandleExceptionInterceptor.execute(HandleExceptionInterceptor.java:30)
	at org.mule.execution.HandleExceptionInterceptor.execute(HandleExceptionInterceptor.java:14)
	at org.mule.execution.BeginAndResolveTransactionInterceptor.execute(BeginAndResolveTransactionInterceptor.java:67)
	at org.mule.execution.ResolvePreviousTransactionInterceptor.execute(ResolvePreviousTransactionInterceptor.java:44)
	at org.mule.execution.SuspendXaTransactionInterceptor.execute(SuspendXaTransactionInterceptor.java:50)
	at org.mule.execution.ValidateTransactionalStateInterceptor.execute(ValidateTransactionalStateInterceptor.java:40)
	at org.mule.execution.IsolateCurrentTransactionInterceptor.execute(IsolateCurrentTransactionInterceptor.java:41)
	at org.mule.execution.ExternalTransactionInterceptor.execute(ExternalTransactionInterceptor.java:48)
	at org.mule.execution.RethrowExceptionInterceptor.execute(RethrowExceptionInterceptor.java:28)
	at org.mule.execution.RethrowExceptionInterceptor.execute(RethrowExceptionInterceptor.java:13)
	at org.mule.execution.TransactionalErrorHandlingExecutionTemplate.execute(TransactionalErrorHandlingExecutionTemplate.java:110)
	at org.mule.execution.AsyncResponseFlowProcessingPhase.runPhase(AsyncResponseFlowProcessingPhase.java:58)
	at org.mule.execution.AsyncResponseFlowProcessingPhase.runPhase(AsyncResponseFlowProcessingPhase.java:35)
	at org.mule.execution.PhaseExecutionEngine$InternalPhaseExecutionEngine.phaseSuccessfully(PhaseExecutionEngine.java:65)
	at org.mule.execution.PhaseExecutionEngine$InternalPhaseExecutionEngine.phaseSuccessfully(PhaseExecutionEngine.java:69)
	at com.mulesoft.mule.throttling.ThrottlingPhase.runPhase(ThrottlingPhase.java:186)
	at com.mulesoft.mule.throttling.ThrottlingPhase.runPhase(ThrottlingPhase.java:57)
	at org.mule.execution.PhaseExecutionEngine$InternalPhaseExecutionEngine.phaseSuccessfully(PhaseExecutionEngine.java:65)
	at com.mulesoft.gateway.http.phases.GatewayValidationPhase.runPhase(GatewayValidationPhase.java:93)
	at com.mulesoft.gateway.http.phases.GatewayValidationPhase.runPhase(GatewayValidationPhase.java:49)
	at org.mule.execution.PhaseExecutionEngine$InternalPhaseExecutionEngine.phaseSuccessfully(PhaseExecutionEngine.java:65)
	at org.mule.modules.cors.CorsPhase.runPhase(CorsPhase.java:113)
	at org.mule.modules.cors.CorsPhase.runPhase(CorsPhase.java:40)
	at org.mule.execution.PhaseExecutionEngine$InternalPhaseExecutionEngine.process(PhaseExecutionEngine.java:114)
	at org.mule.execution.PhaseExecutionEngine.process(PhaseExecutionEngine.java:41)
	at org.mule.execution.MuleMessageProcessingManager.processMessage(MuleMessageProcessingManager.java:32)
	at org.mule.module.http.internal.listener.DefaultHttpListener$1.handleRequest(DefaultHttpListener.java:133)
	at org.mule.module.http.internal.listener.grizzly.GrizzlyRequestDispatcherFilter.handleRead(GrizzlyRequestDispatcherFilter.java:83)
	at org.glassfish.grizzly.filterchain.ExecutorResolver$9.execute(ExecutorResolver.java:119)
	at org.glassfish.grizzly.filterchain.DefaultFilterChain.executeFilter(DefaultFilterChain.java:284)
	at org.glassfish.grizzly.filterchain.DefaultFilterChain.executeChainPart(DefaultFilterChain.java:201)
	at org.glassfish.grizzly.filterchain.DefaultFilterChain.execute(DefaultFilterChain.java:133)
	at org.glassfish.grizzly.filterchain.DefaultFilterChain.process(DefaultFilterChain.java:112)
	at org.glassfish.grizzly.ProcessorExecutor.execute(ProcessorExecutor.java:77)
	at org.glassfish.grizzly.nio.transport.TCPNIOTransport.fireIOEvent(TCPNIOTransport.java:526)
	at org.glassfish.grizzly.strategies.AbstractIOStrategy.fireIOEvent(AbstractIOStrategy.java:112)
	at org.mule.module.http.internal.listener.grizzly.ExecutorPerServerAddressIOStrategy.run0(ExecutorPerServerAddressIOStrategy.java:102)
	at org.mule.module.http.internal.listener.grizzly.ExecutorPerServerAddressIOStrategy.access$100(ExecutorPerServerAddressIOStrategy.java:30)
	at org.mule.module.http.internal.listener.grizzly.ExecutorPerServerAddressIOStrategy$WorkerThreadRunnable.run(ExecutorPerServerAddressIOStrategy.java:125)
	at java.util.concurrent.ThreadPoolExecutor.runWorker(ThreadPoolExecutor.java:1142)
	at java.util.concurrent.ThreadPoolExecutor$Worker.run(ThreadPoolExecutor.java:617)
	at java.lang.Thread.run(Thread.java:745)

********************************************************************************

2016-10-02 19:34:28,587 [[calculator-impl].Calculator-httpListenerConfig.worker.02] INFO  org.mule.module.http.internal.listener.HttpListenerRegistry - No listener found for request: (GET)/favicon.ico
2016-10-02 19:34:28,587 [[calculator-impl].Calculator-httpListenerConfig.worker.02] INFO  org.mule.module.http.internal.listener.HttpListenerRegistry - Available listeners are: [(*)/console/*, (*)/api/*]
2016-10-02 19:34:35,120 [[calculator-impl].Calculator-httpListenerConfig.worker.02] WARN  org.mule.module.apikit.Configuration - No matching patterns for URI /console
2016-10-02 19:34:35,123 [[calculator-impl].Calculator-httpListenerConfig.worker.02] ERROR org.mule.module.apikit.MappingExceptionListener - 
********************************************************************************
Message               : /console
Payload               : {NullPayload}
Payload Type          : org.mule.transport.NullPayload
Element               : /Calculator-main/processors/0 @ calculator-impl:Calculator.xml:10 (APIkit Router)
Element XML           : <apikit:router config-ref="Calculator-config" doc:name="APIkit Router"></apikit:router>
--------------------------------------------------------------------------------
Root Exception stack trace:
org.mule.module.apikit.exception.NotFoundException: /console
	at org.mule.module.apikit.AbstractConfiguration$2.load(AbstractConfiguration.java:164)
	at org.mule.module.apikit.AbstractConfiguration$2.load(AbstractConfiguration.java:155)
	at com.google.common.cache.LocalCache$LoadingValueReference.loadFuture(LocalCache.java:3527)
	at com.google.common.cache.LocalCache$Segment.loadSync(LocalCache.java:2319)
	at com.google.common.cache.LocalCache$Segment.lockedGetOrLoad(LocalCache.java:2282)
	at com.google.common.cache.LocalCache$Segment.get(LocalCache.java:2197)
	at com.google.common.cache.LocalCache.get(LocalCache.java:3937)
	at com.google.common.cache.LocalCache.getOrLoad(LocalCache.java:3941)
	at com.google.common.cache.LocalCache$LocalLoadingCache.get(LocalCache.java:4824)
	at org.mule.module.apikit.AbstractRouter.processRouterRequest(AbstractRouter.java:159)
	at org.mule.module.apikit.AbstractRouter.processBlockingRequest(AbstractRouter.java:83)
	at org.mule.module.apikit.AbstractRouter.processBlocking(AbstractRouter.java:77)
	at org.mule.processor.AbstractRequestResponseMessageProcessor.process(AbstractRequestResponseMessageProcessor.java:47)
	at org.mule.execution.ExceptionToMessagingExceptionExecutionInterceptor.execute(ExceptionToMessagingExceptionExecutionInterceptor.java:27)
	at org.mule.execution.MessageProcessorNotificationExecutionInterceptor.execute(MessageProcessorNotificationExecutionInterceptor.java:108)
	at org.mule.execution.MessageProcessorExecutionTemplate.execute(MessageProcessorExecutionTemplate.java:44)
	at org.mule.processor.BlockingProcessorExecutor.executeNext(BlockingProcessorExecutor.java:98)
	at org.mule.processor.BlockingProcessorExecutor.execute(BlockingProcessorExecutor.java:59)
	at org.mule.processor.AsyncInterceptingMessageProcessor.process(AsyncInterceptingMessageProcessor.java:102)
	at org.mule.execution.ExceptionToMessagingExceptionExecutionInterceptor.execute(ExceptionToMessagingExceptionExecutionInterceptor.java:27)
	at org.mule.execution.MessageProcessorNotificationExecutionInterceptor.execute(MessageProcessorNotificationExecutionInterceptor.java:108)
	at org.mule.execution.MessageProcessorExecutionTemplate.execute(MessageProcessorExecutionTemplate.java:44)
	at org.mule.processor.BlockingProcessorExecutor.executeNext(BlockingProcessorExecutor.java:98)
	at org.mule.processor.BlockingProcessorExecutor.execute(BlockingProcessorExecutor.java:59)
	at org.mule.construct.DynamicPipelineMessageProcessor.process(DynamicPipelineMessageProcessor.java:55)
	at org.mule.execution.ExceptionToMessagingExceptionExecutionInterceptor.execute(ExceptionToMessagingExceptionExecutionInterceptor.java:27)
	at org.mule.execution.MessageProcessorNotificationExecutionInterceptor.execute(MessageProcessorNotificationExecutionInterceptor.java:108)
	at org.mule.execution.MessageProcessorExecutionTemplate.execute(MessageProcessorExecutionTemplate.java:44)
	at org.mule.processor.BlockingProcessorExecutor.executeNext(BlockingProcessorExecutor.java:88)
	at org.mule.processor.BlockingProcessorExecutor.execute(BlockingProcessorExecutor.java:59)
	at org.mule.execution.ExceptionToMessagingExceptionExecutionInterceptor.execute(ExceptionToMessagingExceptionExecutionInterceptor.java:27)
	at org.mule.execution.MessageProcessorExecutionTemplate.execute(MessageProcessorExecutionTemplate.java:44)
	at org.mule.processor.BlockingProcessorExecutor.executeNext(BlockingProcessorExecutor.java:98)
	at org.mule.processor.BlockingProcessorExecutor.execute(BlockingProcessorExecutor.java:59)
	at org.mule.interceptor.AbstractEnvelopeInterceptor.processBlocking(AbstractEnvelopeInterceptor.java:58)
	at org.mule.processor.AbstractRequestResponseMessageProcessor.process(AbstractRequestResponseMessageProcessor.java:47)
	at org.mule.execution.ExceptionToMessagingExceptionExecutionInterceptor.execute(ExceptionToMessagingExceptionExecutionInterceptor.java:27)
	at org.mule.execution.MessageProcessorNotificationExecutionInterceptor.execute(MessageProcessorNotificationExecutionInterceptor.java:108)
	at org.mule.execution.MessageProcessorExecutionTemplate.execute(MessageProcessorExecutionTemplate.java:44)
	at org.mule.processor.BlockingProcessorExecutor.executeNext(BlockingProcessorExecutor.java:98)
	at org.mule.processor.BlockingProcessorExecutor.execute(BlockingProcessorExecutor.java:59)
	at org.mule.processor.AbstractFilteringMessageProcessor.process(AbstractFilteringMessageProcessor.java:52)
	at org.mule.execution.ExceptionToMessagingExceptionExecutionInterceptor.execute(ExceptionToMessagingExceptionExecutionInterceptor.java:27)
	at org.mule.execution.MessageProcessorNotificationExecutionInterceptor.execute(MessageProcessorNotificationExecutionInterceptor.java:108)
	at org.mule.execution.MessageProcessorExecutionTemplate.execute(MessageProcessorExecutionTemplate.java:44)
	at org.mule.processor.BlockingProcessorExecutor.executeNext(BlockingProcessorExecutor.java:98)
	at org.mule.processor.BlockingProcessorExecutor.execute(BlockingProcessorExecutor.java:59)
	at org.mule.processor.AbstractRequestResponseMessageProcessor.processBlocking(AbstractRequestResponseMessageProcessor.java:56)
	at org.mule.processor.AbstractRequestResponseMessageProcessor.process(AbstractRequestResponseMessageProcessor.java:47)
	at org.mule.execution.ExceptionToMessagingExceptionExecutionInterceptor.execute(ExceptionToMessagingExceptionExecutionInterceptor.java:27)
	at org.mule.execution.MessageProcessorNotificationExecutionInterceptor.execute(MessageProcessorNotificationExecutionInterceptor.java:108)
	at org.mule.execution.MessageProcessorExecutionTemplate.execute(MessageProcessorExecutionTemplate.java:44)
	at org.mule.processor.BlockingProcessorExecutor.executeNext(BlockingProcessorExecutor.java:88)
	at org.mule.processor.BlockingProcessorExecutor.execute(BlockingProcessorExecutor.java:59)
	at org.mule.execution.ExceptionToMessagingExceptionExecutionInterceptor.execute(ExceptionToMessagingExceptionExecutionInterceptor.java:27)
	at org.mule.execution.MessageProcessorNotificationExecutionInterceptor.execute(MessageProcessorNotificationExecutionInterceptor.java:108)
	at org.mule.execution.MessageProcessorExecutionTemplate.execute(MessageProcessorExecutionTemplate.java:44)
	at org.mule.construct.AbstractPipeline$3.process(AbstractPipeline.java:232)
	at org.mule.module.http.internal.listener.HttpMessageProcessorTemplate.routeEvent(HttpMessageProcessorTemplate.java:73)
	at org.mule.execution.AsyncResponseFlowProcessingPhase$1.process(AsyncResponseFlowProcessingPhase.java:72)
	at org.mule.execution.AsyncResponseFlowProcessingPhase$1.process(AsyncResponseFlowProcessingPhase.java:59)
	at org.mule.execution.ExecuteCallbackInterceptor.execute(ExecuteCallbackInterceptor.java:16)
	at org.mule.execution.CommitTransactionInterceptor.execute(CommitTransactionInterceptor.java:35)
	at org.mule.execution.CommitTransactionInterceptor.execute(CommitTransactionInterceptor.java:22)
	at org.mule.execution.HandleExceptionInterceptor.execute(HandleExceptionInterceptor.java:30)
	at org.mule.execution.HandleExceptionInterceptor.execute(HandleExceptionInterceptor.java:14)
	at org.mule.execution.BeginAndResolveTransactionInterceptor.execute(BeginAndResolveTransactionInterceptor.java:67)
	at org.mule.execution.ResolvePreviousTransactionInterceptor.execute(ResolvePreviousTransactionInterceptor.java:44)
	at org.mule.execution.SuspendXaTransactionInterceptor.execute(SuspendXaTransactionInterceptor.java:50)
	at org.mule.execution.ValidateTransactionalStateInterceptor.execute(ValidateTransactionalStateInterceptor.java:40)
	at org.mule.execution.IsolateCurrentTransactionInterceptor.execute(IsolateCurrentTransactionInterceptor.java:41)
	at org.mule.execution.ExternalTransactionInterceptor.execute(ExternalTransactionInterceptor.java:48)
	at org.mule.execution.RethrowExceptionInterceptor.execute(RethrowExceptionInterceptor.java:28)
	at org.mule.execution.RethrowExceptionInterceptor.execute(RethrowExceptionInterceptor.java:13)
	at org.mule.execution.TransactionalErrorHandlingExecutionTemplate.execute(TransactionalErrorHandlingExecutionTemplate.java:110)
	at org.mule.execution.AsyncResponseFlowProcessingPhase.runPhase(AsyncResponseFlowProcessingPhase.java:58)
	at org.mule.execution.AsyncResponseFlowProcessingPhase.runPhase(AsyncResponseFlowProcessingPhase.java:35)
	at org.mule.execution.PhaseExecutionEngine$InternalPhaseExecutionEngine.phaseSuccessfully(PhaseExecutionEngine.java:65)
	at org.mule.execution.PhaseExecutionEngine$InternalPhaseExecutionEngine.phaseSuccessfully(PhaseExecutionEngine.java:69)
	at com.mulesoft.mule.throttling.ThrottlingPhase.runPhase(ThrottlingPhase.java:186)
	at com.mulesoft.mule.throttling.ThrottlingPhase.runPhase(ThrottlingPhase.java:57)
	at org.mule.execution.PhaseExecutionEngine$InternalPhaseExecutionEngine.phaseSuccessfully(PhaseExecutionEngine.java:65)
	at com.mulesoft.gateway.http.phases.GatewayValidationPhase.runPhase(GatewayValidationPhase.java:93)
	at com.mulesoft.gateway.http.phases.GatewayValidationPhase.runPhase(GatewayValidationPhase.java:49)
	at org.mule.execution.PhaseExecutionEngine$InternalPhaseExecutionEngine.phaseSuccessfully(PhaseExecutionEngine.java:65)
	at org.mule.modules.cors.CorsPhase.runPhase(CorsPhase.java:113)
	at org.mule.modules.cors.CorsPhase.runPhase(CorsPhase.java:40)
	at org.mule.execution.PhaseExecutionEngine$InternalPhaseExecutionEngine.process(PhaseExecutionEngine.java:114)
	at org.mule.execution.PhaseExecutionEngine.process(PhaseExecutionEngine.java:41)
	at org.mule.execution.MuleMessageProcessingManager.processMessage(MuleMessageProcessingManager.java:32)
	at org.mule.module.http.internal.listener.DefaultHttpListener$1.handleRequest(DefaultHttpListener.java:133)
	at org.mule.module.http.internal.listener.grizzly.GrizzlyRequestDispatcherFilter.handleRead(GrizzlyRequestDispatcherFilter.java:83)
	at org.glassfish.grizzly.filterchain.ExecutorResolver$9.execute(ExecutorResolver.java:119)
	at org.glassfish.grizzly.filterchain.DefaultFilterChain.executeFilter(DefaultFilterChain.java:284)
	at org.glassfish.grizzly.filterchain.DefaultFilterChain.executeChainPart(DefaultFilterChain.java:201)
	at org.glassfish.grizzly.filterchain.DefaultFilterChain.execute(DefaultFilterChain.java:133)
	at org.glassfish.grizzly.filterchain.DefaultFilterChain.process(DefaultFilterChain.java:112)
	at org.glassfish.grizzly.ProcessorExecutor.execute(ProcessorExecutor.java:77)
	at org.glassfish.grizzly.nio.transport.TCPNIOTransport.fireIOEvent(TCPNIOTransport.java:526)
	at org.glassfish.grizzly.strategies.AbstractIOStrategy.fireIOEvent(AbstractIOStrategy.java:112)
	at org.mule.module.http.internal.listener.grizzly.ExecutorPerServerAddressIOStrategy.run0(ExecutorPerServerAddressIOStrategy.java:102)
	at org.mule.module.http.internal.listener.grizzly.ExecutorPerServerAddressIOStrategy.access$100(ExecutorPerServerAddressIOStrategy.java:30)
	at org.mule.module.http.internal.listener.grizzly.ExecutorPerServerAddressIOStrategy$WorkerThreadRunnable.run(ExecutorPerServerAddressIOStrategy.java:125)
	at java.util.concurrent.ThreadPoolExecutor.runWorker(ThreadPoolExecutor.java:1142)
	at java.util.concurrent.ThreadPoolExecutor$Worker.run(ThreadPoolExecutor.java:617)
	at java.lang.Thread.run(Thread.java:745)

********************************************************************************

